<?xml version="1.0" encoding="UTF-8"?>
<!-- Generated by org.testng.reporters.JUnitReportReporter -->
<testsuite skipped="0" hostname="Chitra" name="testCases.TC_002_Login" tests="1" failures="0" timestamp="2022-04-03T19:54:36 PDT" time="3.437" errors="0">
  <testcase name="test_Login" time="3.437" classname="testCases.TC_002_Login"/>
  <system-out/>
</testsuite> <!-- testCases.TC_002_Login -->
