<?xml version="1.0" encoding="UTF-8"?>
<!-- Generated by org.testng.reporters.JUnitReportReporter -->
<testsuite skipped="0" hostname="Chitra" name="testCases.TC_002_Login" tests="1" failures="0" timestamp="2022-04-05T14:56:24 PDT" time="4.101" errors="0">
  <testcase name="test_Login" time="4.101" classname="testCases.TC_002_Login"/>
  <system-out/>
</testsuite> <!-- testCases.TC_002_Login -->
